-------------------------------------------------------------------------------
Test set: com.guo.pay.impl.PayServiceTest
-------------------------------------------------------------------------------
Tests run: 3, Failures: 0, Errors: 2, Skipped: 0, Time elapsed: 30.429 s <<< FAILURE! - in com.guo.pay.impl.PayServiceTest
create(com.guo.pay.impl.PayServiceTest)  Time elapsed: 9.79 s  <<< ERROR!
org.mybatis.spring.MyBatisSystemException: 
nested exception is org.apache.ibatis.exceptions.PersistenceException: 
### Error updating database.  Cause: org.springframework.jdbc.CannotGetJdbcConnectionException: Failed to obtain JDBC Connection; nested exception is java.sql.SQLException: The server time zone value '�й���׼ʱ��' is unrecognized or represents more than one time zone. You must configure either the server or JDBC driver (via the serverTimezone configuration property) to use a more specifc time zone value if you want to utilize time zone support.
### The error may exist in file [D:\IdeaProjects\pay\target\classes\mappers\PayInfoMapper.xml]
### The error may involve com.guo.pay.dao.PayInfoMapper.insertSelective
### The error occurred while executing an update
### Cause: org.springframework.jdbc.CannotGetJdbcConnectionException: Failed to obtain JDBC Connection; nested exception is java.sql.SQLException: The server time zone value '�й���׼ʱ��' is unrecognized or represents more than one time zone. You must configure either the server or JDBC driver (via the serverTimezone configuration property) to use a more specifc time zone value if you want to utilize time zone support.
	at com.guo.pay.impl.PayServiceTest.create(PayServiceTest.java:21)
Caused by: org.apache.ibatis.exceptions.PersistenceException: 

### Error updating database.  Cause: org.springframework.jdbc.CannotGetJdbcConnectionException: Failed to obtain JDBC Connection; nested exception is java.sql.SQLException: The server time zone value '�й���׼ʱ��' is unrecognized or represents more than one time zone. You must configure either the server or JDBC driver (via the serverTimezone configuration property) to use a more specifc time zone value if you want to utilize time zone support.
### The error may exist in file [D:\IdeaProjects\pay\target\classes\mappers\PayInfoMapper.xml]
### The error may involve com.guo.pay.dao.PayInfoMapper.insertSelective
### The error occurred while executing an update
### Cause: org.springframework.jdbc.CannotGetJdbcConnectionException: Failed to obtain JDBC Connection; nested exception is java.sql.SQLException: The server time zone value '�й���׼ʱ��' is unrecognized or represents more than one time zone. You must configure either the server or JDBC driver (via the serverTimezone configuration property) to use a more specifc time zone value if you want to utilize time zone support.
	at com.guo.pay.impl.PayServiceTest.create(PayServiceTest.java:21)
Caused by: org.springframework.jdbc.CannotGetJdbcConnectionException: Failed to obtain JDBC Connection; nested exception is java.sql.SQLException: The server time zone value '�й���׼ʱ��' is unrecognized or represents more than one time zone. You must configure either the server or JDBC driver (via the serverTimezone configuration property) to use a more specifc time zone value if you want to utilize time zone support.
	at com.guo.pay.impl.PayServiceTest.create(PayServiceTest.java:21)
Caused by: java.sql.SQLException: The server time zone value '�й���׼ʱ��' is unrecognized or represents more than one time zone. You must configure either the server or JDBC driver (via the serverTimezone configuration property) to use a more specifc time zone value if you want to utilize time zone support.
	at com.guo.pay.impl.PayServiceTest.create(PayServiceTest.java:21)
Caused by: com.mysql.cj.exceptions.InvalidConnectionAttributeException: The server time zone value '�й���׼ʱ��' is unrecognized or represents more than one time zone. You must configure either the server or JDBC driver (via the serverTimezone configuration property) to use a more specifc time zone value if you want to utilize time zone support.
	at com.guo.pay.impl.PayServiceTest.create(PayServiceTest.java:21)

sendMsgMq(com.guo.pay.impl.PayServiceTest)  Time elapsed: 2.244 s  <<< ERROR!
org.springframework.amqp.AmqpConnectException: java.net.ConnectException: Connection refused: connect
	at com.guo.pay.impl.PayServiceTest.sendMsgMq(PayServiceTest.java:26)
Caused by: java.net.ConnectException: Connection refused: connect
	at com.guo.pay.impl.PayServiceTest.sendMsgMq(PayServiceTest.java:26)

